09:18:39 INFO  : Registering command handlers for SDK TCF services
09:18:42 INFO  : Launching XSCT server: xsct.bat -interactive D:\MuhammetAliVarlik\AYBU\Vivado_Projects\BlinkLed\BlinkLed.sdk\temp_xsdb_launch_script.tcl
09:18:48 INFO  : XSCT server has started successfully.
09:18:55 INFO  : Successfully done setting XSCT server connection channel  
09:18:55 INFO  : Successfully done setting SDK workspace  
09:18:55 INFO  : Processing command line option -hwspec D:/MuhammetAliVarlik/AYBU/Vivado_Projects/BlinkLed/BlinkLed.sdk/blink_led_wrapper.hdf.
09:37:55 INFO  : Connected to target on host '127.0.0.1' and port '3121'.
09:37:56 INFO  : 'targets -set -filter {jtag_cable_name =~ "Digilent Zybo Z7 210351B7BE20A" && level==0} -index 1' command is executed.
09:37:58 INFO  : FPGA configured successfully with bitstream "D:/MuhammetAliVarlik/AYBU/Vivado_Projects/BlinkLed/BlinkLed.sdk/blink_led_wrapper_hw_platform_0/blink_led_wrapper.bit"
09:39:01 INFO  : 'targets -set -filter {jtag_cable_name =~ "Digilent Zybo Z7 210351B7BE20A" && level==0} -index 1' command is executed.
09:39:01 INFO  : 'fpga -state' command is executed.
09:39:01 INFO  : Connected to target on host '127.0.0.1' and port '3121'.
09:39:01 INFO  : Jtag cable 'Digilent Zybo Z7 210351B7BE20A' is selected.
09:39:01 INFO  : 'jtag frequency' command is executed.
09:39:01 INFO  : Sourcing of 'D:/MuhammetAliVarlik/AYBU/Vivado_Projects/BlinkLed/BlinkLed.sdk/blink_led_wrapper_hw_platform_0/ps7_init.tcl' is done.
09:39:01 INFO  : Context for 'APU' is selected.
09:39:01 INFO  : Hardware design information is loaded from 'D:/MuhammetAliVarlik/AYBU/Vivado_Projects/BlinkLed/BlinkLed.sdk/blink_led_wrapper_hw_platform_0/system.hdf'.
09:39:01 INFO  : 'configparams force-mem-access 1' command is executed.
09:39:02 INFO  : Context for 'APU' is selected.
09:39:02 INFO  : 'stop' command is executed.
09:39:02 INFO  : 'ps7_init' command is executed.
09:39:02 INFO  : 'ps7_post_config' command is executed.
09:39:02 INFO  : Context for processor 'ps7_cortexa9_0' is selected.
09:39:02 INFO  : Processor reset is completed for 'ps7_cortexa9_0'.
09:39:02 INFO  : Context for processor 'ps7_cortexa9_0' is selected.
09:39:02 INFO  : The application 'D:/MuhammetAliVarlik/AYBU/Vivado_Projects/BlinkLed/BlinkLed.sdk/Blink_led/Debug/Blink_led.elf' is downloaded to processor 'ps7_cortexa9_0'.
09:39:02 INFO  : 'configparams force-mem-access 0' command is executed.
09:39:02 INFO  : ----------------XSDB Script----------------
connect -url tcp:127.0.0.1:3121
source D:/MuhammetAliVarlik/AYBU/Vivado_Projects/BlinkLed/BlinkLed.sdk/blink_led_wrapper_hw_platform_0/ps7_init.tcl
targets -set -nocase -filter {name =~"APU*" && jtag_cable_name =~ "Digilent Zybo Z7 210351B7BE20A"} -index 0
loadhw -hw D:/MuhammetAliVarlik/AYBU/Vivado_Projects/BlinkLed/BlinkLed.sdk/blink_led_wrapper_hw_platform_0/system.hdf -mem-ranges [list {0x40000000 0xbfffffff}]
configparams force-mem-access 1
targets -set -nocase -filter {name =~"APU*" && jtag_cable_name =~ "Digilent Zybo Z7 210351B7BE20A"} -index 0
stop
ps7_init
ps7_post_config
targets -set -nocase -filter {name =~ "ARM*#0" && jtag_cable_name =~ "Digilent Zybo Z7 210351B7BE20A"} -index 0
rst -processor
targets -set -nocase -filter {name =~ "ARM*#0" && jtag_cable_name =~ "Digilent Zybo Z7 210351B7BE20A"} -index 0
dow D:/MuhammetAliVarlik/AYBU/Vivado_Projects/BlinkLed/BlinkLed.sdk/Blink_led/Debug/Blink_led.elf
configparams force-mem-access 0
----------------End of Script----------------

09:39:03 INFO  : Context for processor 'ps7_cortexa9_0' is selected.
09:39:03 INFO  : 'con' command is executed.
09:39:03 INFO  : ----------------XSDB Script (After Launch)----------------
targets -set -nocase -filter {name =~ "ARM*#0" && jtag_cable_name =~ "Digilent Zybo Z7 210351B7BE20A"} -index 0
con
----------------End of Script----------------

09:39:03 INFO  : Disconnected from the channel tcfchan#1.
09:41:35 INFO  : Connected to target on host '127.0.0.1' and port '3121'.
09:41:36 INFO  : 'targets -set -filter {jtag_cable_name =~ "Digilent Zybo Z7 210351B7BE20A" && level==0} -index 1' command is executed.
09:41:38 INFO  : FPGA configured successfully with bitstream "D:/MuhammetAliVarlik/AYBU/Vivado_Projects/BlinkLed/BlinkLed.sdk/blink_led_wrapper_hw_platform_0/blink_led_wrapper.bit"
09:41:48 INFO  : 'targets -set -filter {jtag_cable_name =~ "Digilent Zybo Z7 210351B7BE20A" && level==0} -index 1' command is executed.
09:41:48 INFO  : 'fpga -state' command is executed.
09:41:48 INFO  : Connected to target on host '127.0.0.1' and port '3121'.
09:41:49 INFO  : Jtag cable 'Digilent Zybo Z7 210351B7BE20A' is selected.
09:41:49 INFO  : 'jtag frequency' command is executed.
09:41:49 INFO  : Sourcing of 'D:/MuhammetAliVarlik/AYBU/Vivado_Projects/BlinkLed/BlinkLed.sdk/blink_led_wrapper_hw_platform_0/ps7_init.tcl' is done.
09:41:49 INFO  : Context for 'APU' is selected.
09:41:49 INFO  : Hardware design information is loaded from 'D:/MuhammetAliVarlik/AYBU/Vivado_Projects/BlinkLed/BlinkLed.sdk/blink_led_wrapper_hw_platform_0/system.hdf'.
09:41:49 INFO  : 'configparams force-mem-access 1' command is executed.
09:41:49 INFO  : Context for 'APU' is selected.
09:41:49 INFO  : 'stop' command is executed.
09:41:49 INFO  : 'ps7_init' command is executed.
09:41:49 INFO  : 'ps7_post_config' command is executed.
09:41:50 INFO  : Context for processor 'ps7_cortexa9_0' is selected.
09:41:50 INFO  : Processor reset is completed for 'ps7_cortexa9_0'.
09:41:50 INFO  : Context for processor 'ps7_cortexa9_0' is selected.
09:41:50 INFO  : The application 'D:/MuhammetAliVarlik/AYBU/Vivado_Projects/BlinkLed/BlinkLed.sdk/Blink_led/Debug/Blink_led.elf' is downloaded to processor 'ps7_cortexa9_0'.
09:41:50 INFO  : 'configparams force-mem-access 0' command is executed.
09:41:50 INFO  : ----------------XSDB Script----------------
connect -url tcp:127.0.0.1:3121
source D:/MuhammetAliVarlik/AYBU/Vivado_Projects/BlinkLed/BlinkLed.sdk/blink_led_wrapper_hw_platform_0/ps7_init.tcl
targets -set -nocase -filter {name =~"APU*" && jtag_cable_name =~ "Digilent Zybo Z7 210351B7BE20A"} -index 0
loadhw -hw D:/MuhammetAliVarlik/AYBU/Vivado_Projects/BlinkLed/BlinkLed.sdk/blink_led_wrapper_hw_platform_0/system.hdf -mem-ranges [list {0x40000000 0xbfffffff}]
configparams force-mem-access 1
targets -set -nocase -filter {name =~"APU*" && jtag_cable_name =~ "Digilent Zybo Z7 210351B7BE20A"} -index 0
stop
ps7_init
ps7_post_config
targets -set -nocase -filter {name =~ "ARM*#0" && jtag_cable_name =~ "Digilent Zybo Z7 210351B7BE20A"} -index 0
rst -processor
targets -set -nocase -filter {name =~ "ARM*#0" && jtag_cable_name =~ "Digilent Zybo Z7 210351B7BE20A"} -index 0
dow D:/MuhammetAliVarlik/AYBU/Vivado_Projects/BlinkLed/BlinkLed.sdk/Blink_led/Debug/Blink_led.elf
configparams force-mem-access 0
----------------End of Script----------------

09:41:50 INFO  : Context for processor 'ps7_cortexa9_0' is selected.
09:41:50 INFO  : 'con' command is executed.
09:41:50 INFO  : ----------------XSDB Script (After Launch)----------------
targets -set -nocase -filter {name =~ "ARM*#0" && jtag_cable_name =~ "Digilent Zybo Z7 210351B7BE20A"} -index 0
con
----------------End of Script----------------

09:41:50 INFO  : Disconnected from the channel tcfchan#2.
