Time resolution is 1 ps
         0          3
         0          4
         0          5
         0          6
         0          7
         0          8
         0          9
         0         10
         0         11
         0         12
         0         13
      2047         14
   4192257         15
 130152510         16
 969292230         17
1515870810         18
3435973836         19
2863311530         20
         0         21
     32767         22
  16744511         23
 252150721         24
 857312454         25
1428854090         26
4034411551         27
3429315480         28
2874452820         29
 505290270         30
1717986918         31
2863311530         32
3435973836         33
1717986918         34
2863312213         35
3438490418         36
1637377625         37
2494393517         38
2943307950         39
4144951503         40
4073392843         41
  96860676         42
4144926512         43
4063556875         44
 171833850         45
3406858184         46
2486702969         47
2828095632         48
3372763575         49
2425874473         50
2337108812         51
3608565673         52
4143025743         53
3979045589         54
2101543619         55
 902121090         56
3077372853         57
3055242788         58
1705174307         59
2964441137         60
2303293065         61
3576539757         62
1070022790         63
3075395441         64
3060905520         65
1835329245         66
3132062320         67
2399190246         68
4238798943         69
 771975587         70
3982303611         71
3206400859         72
2006824770         73
1001654354         74
1443650293         75
3805259119         76
2335916258         77
 361273840         78
3163587663         79
1680582668         80
2701307333         81
3707214697         82
 597028749         83
 397632459         84
1973013880         85
 963670614         86
1557027632         87
3939767700         88
2390100471         89
 773825048         90
3955763055         91
2554031165         92
1168635520         93
2133624722         94
1056455110         95
2694196176         96
3402629449         97
2350484646         98
3924717167         99
1449646688        100
 654634076        101
4267897434        102
3905725460        103
2317775512        104
  46400005        105
3335501239        106
2876743441        107
3552171257        108
 421600926        109
1365662304        110
3670565545        111
  72202154        112
3887863035        113
2057424568        114
3248796252        115
2454595305        116
2263183901        117
3876268011        118
2973336160        119
1426644592        120
1008766855        121
1613963187        122
1236878593        123
1501401755        124
3745862530        125
4224730254        126
3701644157        127
 747858738        128
3914868223        129
1358159093        130
  19123461        131
3716131129        132
4279582666        133
1001680978        134
1456219444        135
 653956514        136
3770455162        137
2255275634        138
 715975410        139
3460332057        140
2831503365        141
 197394427        142
 436064996        143
1607131060        144
4176907056        145
  47761854        146
3227169884        147
2356068470        148
3863112965        149
1686089575        150
1677171959        151
1403199717        152
3507198636        153
 495884848        154
3196597711        155
2897680464        156
3951094719        157
1549476635        158
3977614763        159
3077650288        160
2105343293        161
 842745533        162
1168607614        163
3005133854        164
1449581854        165
 641372770        166
 608740342        167
3838972010        168
2890459024        169
 682908813        170
3392142984        171
1328301291        172
2120600195        173
3951160127        174
2442619240        175
2606000172        176
1585615396        177
 747558921        178
3993886058        179
2750959806        180
 482793377        181
2789070149        182
3946305710        183
1527686256        184
3526120044        185
3268063538        186
2287224051        187
3261156967        188
1164439873        189
1997896621        190
4157817802        191
4254658975        192
 941296515        193
2312992290        194
 534781920        195
3031741620        196
1717968486        197
2859117204        198
3301625613        199
1686087833        200
2936393914        201
4278776591        202
$finish called at time : 810 ns : File "D:/MuhammetAliVarlik/AYBU/Vivado_Projects/LFSR32bit/LFSR32bit.srcs/sim_1/new/LFSR32bitsSim.v" Line 39
