10:50:02 INFO  : Registering command handlers for SDK TCF services
10:50:05 INFO  : Launching XSCT server: xsct.bat -interactive D:\MuhammetAliVarlik\AYBU\Vivado_Projects\Interrupt\Interrupt.sdk\temp_xsdb_launch_script.tcl
10:50:12 INFO  : XSCT server has started successfully.
10:50:21 INFO  : Successfully done setting XSCT server connection channel  
10:50:21 INFO  : Successfully done setting SDK workspace  
10:50:21 INFO  : Processing command line option -hwspec D:/MuhammetAliVarlik/AYBU/Vivado_Projects/Interrupt/Interrupt.sdk/interrupt_wrapper.hdf.
11:01:45 INFO  : Connected to target on host '127.0.0.1' and port '3121'.
11:01:46 INFO  : 'targets -set -filter {jtag_cable_name =~ "Digilent Zybo Z7 210351B04B6FA" && level==0} -index 1' command is executed.
11:01:48 INFO  : FPGA configured successfully with bitstream "D:/MuhammetAliVarlik/AYBU/Vivado_Projects/Interrupt/Interrupt.sdk/interrupt_wrapper_hw_platform_0/interrupt_wrapper.bit"
11:03:01 INFO  : 'targets -set -filter {jtag_cable_name =~ "Digilent Zybo Z7 210351B04B6FA" && level==0} -index 1' command is executed.
11:03:01 INFO  : 'fpga -state' command is executed.
11:03:01 INFO  : Connected to target on host '127.0.0.1' and port '3121'.
11:03:01 INFO  : Jtag cable 'Digilent Zybo Z7 210351B04B6FA' is selected.
11:03:01 INFO  : 'jtag frequency' command is executed.
11:03:01 INFO  : Sourcing of 'D:/MuhammetAliVarlik/AYBU/Vivado_Projects/Interrupt/Interrupt.sdk/interrupt_wrapper_hw_platform_0/ps7_init.tcl' is done.
11:03:01 INFO  : Context for 'APU' is selected.
11:03:01 INFO  : Hardware design information is loaded from 'D:/MuhammetAliVarlik/AYBU/Vivado_Projects/Interrupt/Interrupt.sdk/interrupt_wrapper_hw_platform_0/system.hdf'.
11:03:01 INFO  : 'configparams force-mem-access 1' command is executed.
11:03:01 INFO  : Context for 'APU' is selected.
11:03:01 INFO  : 'stop' command is executed.
11:03:02 INFO  : 'ps7_init' command is executed.
11:03:02 INFO  : 'ps7_post_config' command is executed.
11:03:02 INFO  : 'configparams force-mem-access 0' command is executed.
11:03:02 INFO  : ----------------XSDB Script----------------
connect -url tcp:127.0.0.1:3121
source D:/MuhammetAliVarlik/AYBU/Vivado_Projects/Interrupt/Interrupt.sdk/interrupt_wrapper_hw_platform_0/ps7_init.tcl
targets -set -nocase -filter {name =~"APU*" && jtag_cable_name =~ "Digilent Zybo Z7 210351B04B6FA"} -index 0
loadhw -hw D:/MuhammetAliVarlik/AYBU/Vivado_Projects/Interrupt/Interrupt.sdk/interrupt_wrapper_hw_platform_0/system.hdf -mem-ranges [list {0x40000000 0xbfffffff}]
configparams force-mem-access 1
targets -set -nocase -filter {name =~"APU*" && jtag_cable_name =~ "Digilent Zybo Z7 210351B04B6FA"} -index 0
stop
ps7_init
ps7_post_config
configparams force-mem-access 0
----------------End of Script----------------

11:03:02 INFO  : Memory regions updated for context APU
11:03:02 INFO  : Launch script is exported to file 'D:\MuhammetAliVarlik\AYBU\Vivado_Projects\Interrupt\Interrupt.sdk\.sdk\launch_scripts\xilinx_c-c++_application_(system_debugger)\system_debugger_on_local.tcl'
11:04:17 INFO  : Connected to target on host '127.0.0.1' and port '3121'.
11:04:17 INFO  : 'targets -set -filter {jtag_cable_name =~ "Digilent Zybo Z7 210351B04B6FA" && level==0} -index 1' command is executed.
11:04:20 INFO  : FPGA configured successfully with bitstream "D:/MuhammetAliVarlik/AYBU/Vivado_Projects/Interrupt/Interrupt.sdk/interrupt_wrapper_hw_platform_0/interrupt_wrapper.bit"
11:06:25 INFO  : 'targets -set -filter {jtag_cable_name =~ "Digilent Zybo Z7 210351B04B6FA" && level==0} -index 1' command is executed.
11:06:25 INFO  : 'fpga -state' command is executed.
11:06:25 INFO  : Connected to target on host '127.0.0.1' and port '3121'.
11:06:25 INFO  : Jtag cable 'Digilent Zybo Z7 210351B04B6FA' is selected.
11:06:25 INFO  : 'jtag frequency' command is executed.
11:06:25 INFO  : Sourcing of 'D:/MuhammetAliVarlik/AYBU/Vivado_Projects/Interrupt/Interrupt.sdk/interrupt_wrapper_hw_platform_0/ps7_init.tcl' is done.
11:06:25 INFO  : Context for 'APU' is selected.
11:06:25 INFO  : Hardware design information is loaded from 'D:/MuhammetAliVarlik/AYBU/Vivado_Projects/Interrupt/Interrupt.sdk/interrupt_wrapper_hw_platform_0/system.hdf'.
11:06:25 INFO  : 'configparams force-mem-access 1' command is executed.
11:06:25 INFO  : Context for 'APU' is selected.
11:06:25 INFO  : 'stop' command is executed.
11:06:26 INFO  : 'ps7_init' command is executed.
11:06:26 INFO  : 'ps7_post_config' command is executed.
11:06:26 INFO  : 'configparams force-mem-access 0' command is executed.
11:06:26 INFO  : ----------------XSDB Script----------------
connect -url tcp:127.0.0.1:3121
source D:/MuhammetAliVarlik/AYBU/Vivado_Projects/Interrupt/Interrupt.sdk/interrupt_wrapper_hw_platform_0/ps7_init.tcl
targets -set -nocase -filter {name =~"APU*" && jtag_cable_name =~ "Digilent Zybo Z7 210351B04B6FA"} -index 0
loadhw -hw D:/MuhammetAliVarlik/AYBU/Vivado_Projects/Interrupt/Interrupt.sdk/interrupt_wrapper_hw_platform_0/system.hdf -mem-ranges [list {0x40000000 0xbfffffff}]
configparams force-mem-access 1
targets -set -nocase -filter {name =~"APU*" && jtag_cable_name =~ "Digilent Zybo Z7 210351B04B6FA"} -index 0
stop
ps7_init
ps7_post_config
configparams force-mem-access 0
----------------End of Script----------------

11:06:26 INFO  : Memory regions updated for context APU
11:06:26 INFO  : Launch script is exported to file 'D:\MuhammetAliVarlik\AYBU\Vivado_Projects\Interrupt\Interrupt.sdk\.sdk\launch_scripts\xilinx_c-c++_application_(system_debugger)\system_debugger_on_local.tcl'
11:07:00 INFO  : 'targets -set -filter {jtag_cable_name =~ "Digilent Zybo Z7 210351B04B6FA" && level==0} -index 1' command is executed.
11:07:00 INFO  : 'fpga -state' command is executed.
11:07:00 INFO  : Connected to target on host '127.0.0.1' and port '3121'.
11:07:01 INFO  : Jtag cable 'Digilent Zybo Z7 210351B04B6FA' is selected.
11:07:01 INFO  : 'jtag frequency' command is executed.
11:07:01 INFO  : Sourcing of 'D:/MuhammetAliVarlik/AYBU/Vivado_Projects/Interrupt/Interrupt.sdk/interrupt_wrapper_hw_platform_0/ps7_init.tcl' is done.
11:07:01 INFO  : Context for 'APU' is selected.
11:07:01 INFO  : Hardware design information is loaded from 'D:/MuhammetAliVarlik/AYBU/Vivado_Projects/Interrupt/Interrupt.sdk/interrupt_wrapper_hw_platform_0/system.hdf'.
11:07:01 INFO  : 'configparams force-mem-access 1' command is executed.
11:07:01 INFO  : Context for 'APU' is selected.
11:07:01 INFO  : 'stop' command is executed.
11:07:01 INFO  : 'ps7_init' command is executed.
11:07:01 INFO  : 'ps7_post_config' command is executed.
11:07:01 INFO  : 'configparams force-mem-access 0' command is executed.
11:07:01 INFO  : ----------------XSDB Script----------------
connect -url tcp:127.0.0.1:3121
source D:/MuhammetAliVarlik/AYBU/Vivado_Projects/Interrupt/Interrupt.sdk/interrupt_wrapper_hw_platform_0/ps7_init.tcl
targets -set -nocase -filter {name =~"APU*" && jtag_cable_name =~ "Digilent Zybo Z7 210351B04B6FA"} -index 0
loadhw -hw D:/MuhammetAliVarlik/AYBU/Vivado_Projects/Interrupt/Interrupt.sdk/interrupt_wrapper_hw_platform_0/system.hdf -mem-ranges [list {0x40000000 0xbfffffff}]
configparams force-mem-access 1
targets -set -nocase -filter {name =~"APU*" && jtag_cable_name =~ "Digilent Zybo Z7 210351B04B6FA"} -index 0
stop
ps7_init
ps7_post_config
configparams force-mem-access 0
----------------End of Script----------------

11:07:01 INFO  : Disconnected from the channel tcfchan#1.
11:07:52 INFO  : Connected to target on host '127.0.0.1' and port '3121'.
11:07:52 INFO  : 'targets -set -filter {jtag_cable_name =~ "Digilent Zybo Z7 210351B04B6FA" && level==0} -index 1' command is executed.
11:07:54 INFO  : FPGA configured successfully with bitstream "D:/MuhammetAliVarlik/AYBU/Vivado_Projects/Interrupt/Interrupt.sdk/interrupt_wrapper_hw_platform_0/interrupt_wrapper.bit"
11:08:15 INFO  : 'targets -set -filter {jtag_cable_name =~ "Digilent Zybo Z7 210351B04B6FA" && level==0} -index 1' command is executed.
11:08:15 INFO  : 'fpga -state' command is executed.
11:08:15 INFO  : Connected to target on host '127.0.0.1' and port '3121'.
11:08:15 INFO  : Jtag cable 'Digilent Zybo Z7 210351B04B6FA' is selected.
11:08:15 INFO  : 'jtag frequency' command is executed.
11:08:15 INFO  : Sourcing of 'D:/MuhammetAliVarlik/AYBU/Vivado_Projects/Interrupt/Interrupt.sdk/interrupt_wrapper_hw_platform_0/ps7_init.tcl' is done.
11:08:15 INFO  : Context for 'APU' is selected.
11:08:16 INFO  : Hardware design information is loaded from 'D:/MuhammetAliVarlik/AYBU/Vivado_Projects/Interrupt/Interrupt.sdk/interrupt_wrapper_hw_platform_0/system.hdf'.
11:08:16 INFO  : 'configparams force-mem-access 1' command is executed.
11:08:16 INFO  : Context for 'APU' is selected.
11:08:16 INFO  : 'stop' command is executed.
11:08:16 INFO  : 'ps7_init' command is executed.
11:08:16 INFO  : 'ps7_post_config' command is executed.
11:08:16 INFO  : 'configparams force-mem-access 0' command is executed.
11:08:16 INFO  : ----------------XSDB Script----------------
connect -url tcp:127.0.0.1:3121
source D:/MuhammetAliVarlik/AYBU/Vivado_Projects/Interrupt/Interrupt.sdk/interrupt_wrapper_hw_platform_0/ps7_init.tcl
targets -set -nocase -filter {name =~"APU*" && jtag_cable_name =~ "Digilent Zybo Z7 210351B04B6FA"} -index 0
loadhw -hw D:/MuhammetAliVarlik/AYBU/Vivado_Projects/Interrupt/Interrupt.sdk/interrupt_wrapper_hw_platform_0/system.hdf -mem-ranges [list {0x40000000 0xbfffffff}]
configparams force-mem-access 1
targets -set -nocase -filter {name =~"APU*" && jtag_cable_name =~ "Digilent Zybo Z7 210351B04B6FA"} -index 0
stop
ps7_init
ps7_post_config
configparams force-mem-access 0
----------------End of Script----------------

11:08:16 INFO  : Disconnected from the channel tcfchan#2.
11:08:35 WARN  : channel "tcfchan#1" closed
11:08:36 INFO  : 'targets -set -filter {jtag_cable_name =~ "Digilent Zybo Z7 210351B04B6FA" && level==0} -index 1' command is executed.
11:08:36 INFO  : 'fpga -state' command is executed.
11:08:36 INFO  : Connected to target on host '127.0.0.1' and port '3121'.
11:08:37 INFO  : Jtag cable 'Digilent Zybo Z7 210351B04B6FA' is selected.
11:08:37 INFO  : 'jtag frequency' command is executed.
11:08:37 INFO  : Sourcing of 'D:/MuhammetAliVarlik/AYBU/Vivado_Projects/Interrupt/Interrupt.sdk/interrupt_wrapper_hw_platform_0/ps7_init.tcl' is done.
11:08:37 INFO  : Context for 'APU' is selected.
11:08:39 INFO  : Hardware design information is loaded from 'D:/MuhammetAliVarlik/AYBU/Vivado_Projects/Interrupt/Interrupt.sdk/interrupt_wrapper_hw_platform_0/system.hdf'.
11:08:39 INFO  : 'configparams force-mem-access 1' command is executed.
11:08:39 INFO  : Context for 'APU' is selected.
11:08:39 INFO  : 'stop' command is executed.
11:08:40 INFO  : 'ps7_init' command is executed.
11:08:40 INFO  : 'ps7_post_config' command is executed.
11:08:40 INFO  : 'configparams force-mem-access 0' command is executed.
11:08:40 INFO  : ----------------XSDB Script----------------
connect -url tcp:127.0.0.1:3121
source D:/MuhammetAliVarlik/AYBU/Vivado_Projects/Interrupt/Interrupt.sdk/interrupt_wrapper_hw_platform_0/ps7_init.tcl
targets -set -nocase -filter {name =~"APU*" && jtag_cable_name =~ "Digilent Zybo Z7 210351B04B6FA"} -index 0
loadhw -hw D:/MuhammetAliVarlik/AYBU/Vivado_Projects/Interrupt/Interrupt.sdk/interrupt_wrapper_hw_platform_0/system.hdf -mem-ranges [list {0x40000000 0xbfffffff}]
configparams force-mem-access 1
targets -set -nocase -filter {name =~"APU*" && jtag_cable_name =~ "Digilent Zybo Z7 210351B04B6FA"} -index 0
stop
ps7_init
ps7_post_config
configparams force-mem-access 0
----------------End of Script----------------

11:08:40 INFO  : Memory regions updated for context APU
11:08:40 INFO  : Launch script is exported to file 'D:\MuhammetAliVarlik\AYBU\Vivado_Projects\Interrupt\Interrupt.sdk\.sdk\launch_scripts\xilinx_c-c++_application_(system_debugger)\system_debugger_on_local.tcl'
11:09:12 INFO  : 'targets -set -filter {jtag_cable_name =~ "Digilent Zybo Z7 210351B04B6FA" && level==0} -index 1' command is executed.
11:09:12 INFO  : 'fpga -state' command is executed.
11:09:12 INFO  : Connected to target on host '127.0.0.1' and port '3121'.
11:09:12 INFO  : Jtag cable 'Digilent Zybo Z7 210351B04B6FA' is selected.
11:09:12 INFO  : 'jtag frequency' command is executed.
11:09:12 INFO  : Sourcing of 'D:/MuhammetAliVarlik/AYBU/Vivado_Projects/Interrupt/Interrupt.sdk/interrupt_wrapper_hw_platform_0/ps7_init.tcl' is done.
11:09:12 INFO  : Context for 'APU' is selected.
11:09:12 INFO  : Hardware design information is loaded from 'D:/MuhammetAliVarlik/AYBU/Vivado_Projects/Interrupt/Interrupt.sdk/interrupt_wrapper_hw_platform_0/system.hdf'.
11:09:12 INFO  : 'configparams force-mem-access 1' command is executed.
11:09:12 INFO  : Context for 'APU' is selected.
11:09:12 INFO  : 'stop' command is executed.
11:09:13 INFO  : 'ps7_init' command is executed.
11:09:13 INFO  : 'ps7_post_config' command is executed.
11:09:13 INFO  : 'configparams force-mem-access 0' command is executed.
11:09:13 INFO  : ----------------XSDB Script----------------
connect -url tcp:127.0.0.1:3121
source D:/MuhammetAliVarlik/AYBU/Vivado_Projects/Interrupt/Interrupt.sdk/interrupt_wrapper_hw_platform_0/ps7_init.tcl
targets -set -nocase -filter {name =~"APU*" && jtag_cable_name =~ "Digilent Zybo Z7 210351B04B6FA"} -index 0
loadhw -hw D:/MuhammetAliVarlik/AYBU/Vivado_Projects/Interrupt/Interrupt.sdk/interrupt_wrapper_hw_platform_0/system.hdf -mem-ranges [list {0x40000000 0xbfffffff}]
configparams force-mem-access 1
targets -set -nocase -filter {name =~"APU*" && jtag_cable_name =~ "Digilent Zybo Z7 210351B04B6FA"} -index 0
stop
ps7_init
ps7_post_config
configparams force-mem-access 0
----------------End of Script----------------

11:15:49 INFO  : Connected to target on host '127.0.0.1' and port '3121'.
11:15:50 INFO  : 'targets -set -filter {jtag_cable_name =~ "Digilent Zybo Z7 210351B04B6FA" && level==0} -index 1' command is executed.
11:15:52 INFO  : FPGA configured successfully with bitstream "D:/MuhammetAliVarlik/AYBU/Vivado_Projects/Interrupt/Interrupt.sdk/interrupt_wrapper_hw_platform_0/interrupt_wrapper.bit"
11:16:11 INFO  : Disconnected from the channel tcfchan#3.
11:16:12 INFO  : 'targets -set -filter {jtag_cable_name =~ "Digilent Zybo Z7 210351B04B6FA" && level==0} -index 1' command is executed.
11:16:12 INFO  : 'fpga -state' command is executed.
11:16:12 INFO  : Connected to target on host '127.0.0.1' and port '3121'.
11:16:13 INFO  : Jtag cable 'Digilent Zybo Z7 210351B04B6FA' is selected.
11:16:13 INFO  : 'jtag frequency' command is executed.
11:16:13 INFO  : Sourcing of 'D:/MuhammetAliVarlik/AYBU/Vivado_Projects/Interrupt/Interrupt.sdk/interrupt_wrapper_hw_platform_0/ps7_init.tcl' is done.
11:16:13 INFO  : Context for 'APU' is selected.
11:16:15 INFO  : Hardware design information is loaded from 'D:/MuhammetAliVarlik/AYBU/Vivado_Projects/Interrupt/Interrupt.sdk/interrupt_wrapper_hw_platform_0/system.hdf'.
11:16:15 INFO  : 'configparams force-mem-access 1' command is executed.
11:16:15 INFO  : Context for 'APU' is selected.
11:16:15 INFO  : 'stop' command is executed.
11:16:16 INFO  : 'ps7_init' command is executed.
11:16:16 INFO  : 'ps7_post_config' command is executed.
11:16:16 INFO  : Context for processor 'ps7_cortexa9_0' is selected.
11:16:16 INFO  : Processor reset is completed for 'ps7_cortexa9_0'.
11:16:16 INFO  : Context for processor 'ps7_cortexa9_0' is selected.
11:16:16 INFO  : The application 'D:/MuhammetAliVarlik/AYBU/Vivado_Projects/Interrupt/Interrupt.sdk/interrupt_led/Debug/interrupt_led.elf' is downloaded to processor 'ps7_cortexa9_0'.
11:16:16 INFO  : 'configparams force-mem-access 0' command is executed.
11:16:16 INFO  : ----------------XSDB Script----------------
connect -url tcp:127.0.0.1:3121
source D:/MuhammetAliVarlik/AYBU/Vivado_Projects/Interrupt/Interrupt.sdk/interrupt_wrapper_hw_platform_0/ps7_init.tcl
targets -set -nocase -filter {name =~"APU*" && jtag_cable_name =~ "Digilent Zybo Z7 210351B04B6FA"} -index 0
loadhw -hw D:/MuhammetAliVarlik/AYBU/Vivado_Projects/Interrupt/Interrupt.sdk/interrupt_wrapper_hw_platform_0/system.hdf -mem-ranges [list {0x40000000 0xbfffffff}]
configparams force-mem-access 1
targets -set -nocase -filter {name =~"APU*" && jtag_cable_name =~ "Digilent Zybo Z7 210351B04B6FA"} -index 0
stop
ps7_init
ps7_post_config
targets -set -nocase -filter {name =~ "ARM*#0" && jtag_cable_name =~ "Digilent Zybo Z7 210351B04B6FA"} -index 0
rst -processor
targets -set -nocase -filter {name =~ "ARM*#0" && jtag_cable_name =~ "Digilent Zybo Z7 210351B04B6FA"} -index 0
dow D:/MuhammetAliVarlik/AYBU/Vivado_Projects/Interrupt/Interrupt.sdk/interrupt_led/Debug/interrupt_led.elf
configparams force-mem-access 0
----------------End of Script----------------

11:16:16 INFO  : Context for processor 'ps7_cortexa9_0' is selected.
11:16:16 INFO  : 'con' command is executed.
11:16:16 INFO  : ----------------XSDB Script (After Launch)----------------
targets -set -nocase -filter {name =~ "ARM*#0" && jtag_cable_name =~ "Digilent Zybo Z7 210351B04B6FA"} -index 0
con
----------------End of Script----------------

11:16:16 INFO  : Disconnected from the channel tcfchan#4.
11:18:52 WARN  : channel "tcfchan#1" closed
11:18:53 WARN  : channel "tcfchan#3" closed
11:19:20 INFO  : Registering command handlers for SDK TCF services
11:19:21 INFO  : Launching XSCT server: xsct.bat -interactive D:\MuhammetAliVarlik\AYBU\Vivado_Projects\Interrupt\Interrupt.sdk\temp_xsdb_launch_script.tcl
11:19:25 INFO  : XSCT server has started successfully.
11:19:25 INFO  : Successfully done setting XSCT server connection channel  
11:19:25 INFO  : Successfully done setting SDK workspace  
11:19:25 INFO  : Processing command line option -hwspec D:/MuhammetAliVarlik/AYBU/Vivado_Projects/Interrupt/Interrupt.sdk/interrupt_wrapper.hdf.
11:19:25 INFO  : Checking for hwspec changes in the project interrupt_wrapper_hw_platform_0.
19:44:02 INFO  : Registering command handlers for SDK TCF services
19:44:06 INFO  : Launching XSCT server: xsct.bat -interactive D:\MuhammetAliVarlik\AYBU\Vivado_Projects\Interrupt\Interrupt.sdk\temp_xsdb_launch_script.tcl
19:44:13 INFO  : XSCT server has started successfully.
19:44:23 INFO  : Successfully done setting XSCT server connection channel  
19:44:23 INFO  : Successfully done setting SDK workspace  
19:44:23 INFO  : Processing command line option -hwspec D:/MuhammetAliVarlik/AYBU/Vivado_Projects/Interrupt/Interrupt.sdk/interrupt_wrapper.hdf.
19:44:23 INFO  : Checking for hwspec changes in the project interrupt_wrapper_hw_platform_0.
